<?xml version="1.0" encoding="UTF-8"?>
<!-- Generated by org.testng.reporters.JUnitXMLReporter -->
<testsuite hostname="XIPL0476" name="Firefox Test" tests="1" failures="0" timestamp="17 Mar 2017 06:38:47 GMT" time="18.891" errors="0">
  <testcase name="@AfterMethod tearDown" time="0.0" classname="com.framework.tests.SampleTest">
    <failure type="org.openqa.selenium.remote.UnreachableBrowserException" message="Error communicating with the remote browser. It may have died.
Build info: version: &amp;apos;unknown&amp;apos;, revision: &amp;apos;31c43c8&amp;apos;, time: &amp;apos;2016-08-02 21:57:56 -0700&amp;apos;
System info: host: &amp;apos;XIPL0476&amp;apos;, ip: &amp;apos;172.26.21.52&amp;apos;, os.name: &amp;apos;Windows 10&amp;apos;, os.arch: &amp;apos;amd64&amp;apos;, os.version: &amp;apos;10.0&amp;apos;, java.version: &amp;apos;1.8.0_91&amp;apos;
Driver info: driver.version: RemoteWebDriver
Capabilities [{moz:profile=C:\Users\DEVEND~1\AppData\Local\Temp\rust_mozprofile.a2tys6wx2u7R, rotatable=false, timeouts={implicit=0, page load=300000, script=30000}, pageLoadStrategy=normal, platform=ANY, specificationLevel=0, moz:accessibilityChecks=false, acceptInsecureCerts=false, browserVersion=52.0, platformVersion=10.0, moz:processID=5772, browserName=firefox, platformName=windows_nt}]
Session ID: 90f04a14-b25f-4079-bb64-5e7da699e5f4">
      <![CDATA[org.openqa.selenium.remote.UnreachableBrowserException: Error communicating with the remote browser. It may have died.
Build info: version: 'unknown', revision: '31c43c8', time: '2016-08-02 21:57:56 -0700'
System info: host: 'XIPL0476', ip: '172.26.21.52', os.name: 'Windows 10', os.arch: 'amd64', os.version: '10.0', java.version: '1.8.0_91'
Driver info: driver.version: RemoteWebDriver
Capabilities [{moz:profile=C:\Users\DEVEND~1\AppData\Local\Temp\rust_mozprofile.a2tys6wx2u7R, rotatable=false, timeouts={implicit=0, page load=300000, script=30000}, pageLoadStrategy=normal, platform=ANY, specificationLevel=0, moz:accessibilityChecks=false, acceptInsecureCerts=false, browserVersion=52.0, platformVersion=10.0, moz:processID=5772, browserName=firefox, platformName=windows_nt}]
Session ID: 90f04a14-b25f-4079-bb64-5e7da699e5f4
	at org.openqa.selenium.remote.RemoteWebDriver.execute(RemoteWebDriver.java:670)
	at org.openqa.selenium.remote.RemoteWebDriver.execute(RemoteWebDriver.java:706)
	at org.openqa.selenium.remote.RemoteWebDriver.quit(RemoteWebDriver.java:531)
	at com.framework.reporter.BaseTest.tearDown(BaseTest.java:61)
	at java.util.concurrent.FutureTask.run(FutureTask.java:266)
	at java.util.concurrent.ThreadPoolExecutor.runWorker(ThreadPoolExecutor.java:1142)
	at java.util.concurrent.ThreadPoolExecutor$Worker.run(ThreadPoolExecutor.java:617)
	at java.lang.Thread.run(Thread.java:745)
Caused by: java.lang.IllegalStateException: UnixUtils may not be used on Windows
	at org.openqa.selenium.os.ProcessUtils.getProcessId(ProcessUtils.java:188)
	at org.openqa.selenium.os.UnixProcess$SeleniumWatchDog.getPID(UnixProcess.java:222)
	at org.openqa.selenium.os.UnixProcess$SeleniumWatchDog.access$300(UnixProcess.java:201)
	at org.openqa.selenium.os.UnixProcess.destroy(UnixProcess.java:132)
	at org.openqa.selenium.os.CommandLine.destroy(CommandLine.java:155)
	at org.openqa.selenium.remote.service.DriverService.stop(DriverService.java:196)
	at org.openqa.selenium.remote.service.DriverCommandExecutor.execute(DriverCommandExecutor.java:94)
	at org.openqa.selenium.remote.RemoteWebDriver.execute(RemoteWebDriver.java:649)
	... 25 more
... Removed 18 stack frames]]>
    </failure>
  </testcase> <!-- @AfterMethod tearDown -->
  <testcase name="wordPressLogin" time="0.423" classname="com.framework.tests.SampleTest"/>
</testsuite> <!-- Firefox Test -->
