<?xml version="1.0" encoding="UTF-8"?>
<!-- Generated by org.testng.reporters.JUnitXMLReporter -->
<testsuite hostname="XIPL0476" name="Chrome Test" tests="1" failures="0" timestamp="17 Mar 2017 06:13:34 GMT" time="5.178" errors="0">
  <testcase name="@BeforeMethod setUp" time="0.0" classname="com.framework.tests.SampleTest">
    <failure type="java.lang.NullPointerException">
      <![CDATA[java.lang.NullPointerException
	at com.framework.reporter.BaseTest.setUp(BaseTest.java:38)
	at java.util.concurrent.FutureTask.run(FutureTask.java:266)
	at java.util.concurrent.ThreadPoolExecutor.runWorker(ThreadPoolExecutor.java:1142)
	at java.util.concurrent.ThreadPoolExecutor$Worker.run(ThreadPoolExecutor.java:617)
	at java.lang.Thread.run(Thread.java:745)
... Removed 18 stack frames]]>
    </failure>
  </testcase> <!-- @BeforeMethod setUp -->
  <testcase name="@BeforeMethod setUp2" time="0.0" classname="com.framework.tests.SampleTest">
    <skipped/>
  </testcase> <!-- @BeforeMethod setUp2 -->
  <testcase name="@AfterMethod afterMethod" time="0.0" classname="com.framework.tests.SampleTest">
    <skipped/>
  </testcase> <!-- @AfterMethod afterMethod -->
  <testcase name="@AfterMethod tearDown" time="0.0" classname="com.framework.tests.SampleTest">
    <skipped/>
  </testcase> <!-- @AfterMethod tearDown -->
  <testcase name="wordPressLogin" time="0.002" classname="com.framework.tests.SampleTest">
    <skipped/>
  </testcase> <!-- wordPressLogin -->
</testsuite> <!-- Chrome Test -->
