<?xml version="1.0" encoding="UTF-8"?>
<testng-results skipped="1" failed="0" total="2" passed="1">
  <reporter-output>
    <line>
      <![CDATA[Running test on Grid, in browser 'CHROME' ]]>
    </line>
    <line>
      <![CDATA[Running test on Grid, in browser 'Firefox']]>
    </line>
  </reporter-output>
  <suite name="Suite" duration-ms="18092" started-at="2017-03-17T06:13:29Z" finished-at="2017-03-17T06:13:47Z">
    <groups>
    </groups>
    <test name="Chrome Test" duration-ms="5178" started-at="2017-03-17T06:13:29Z" finished-at="2017-03-17T06:13:34Z">
      <class name="com.framework.tests.SampleTest">
        <test-method status="PASS" signature="getWebDriver(java.lang.String, java.lang.String)[pri:0, instance:com.framework.tests.SampleTest@67b6d4ae]" name="getWebDriver" is-config="true" duration-ms="5113" started-at="2017-03-17T11:43:29Z" finished-at="2017-03-17T11:43:34Z">
          <params>
            <param index="0">
              <value>
                <![CDATA[CHROME]]>
              </value>
            </param>
            <param index="1">
              <value>
                <![CDATA[Apple iPhone 6 Plus]]>
              </value>
            </param>
          </params>
          <reporter-output>
            <line>
              <![CDATA[Running test on Grid, in browser 'CHROME' ]]>
            </line>
          </reporter-output>
        </test-method> <!-- getWebDriver -->
        <test-method status="FAIL" signature="setUp(java.lang.reflect.Method)[pri:0, instance:com.framework.tests.SampleTest@67b6d4ae]" name="setUp" is-config="true" duration-ms="0" started-at="2017-03-17T11:43:34Z" finished-at="2017-03-17T11:43:34Z">
          <params>
            <param index="0">
              <value>
                <![CDATA[public void com.framework.tests.SampleTest.wordPressLogin()]]>
              </value>
            </param>
          </params>
          <exception class="java.lang.NullPointerException">
            <full-stacktrace>
              <![CDATA[java.lang.NullPointerException
	at com.framework.reporter.BaseTest.setUp(BaseTest.java:38)
	at sun.reflect.NativeMethodAccessorImpl.invoke0(Native Method)
	at sun.reflect.NativeMethodAccessorImpl.invoke(NativeMethodAccessorImpl.java:62)
	at sun.reflect.DelegatingMethodAccessorImpl.invoke(DelegatingMethodAccessorImpl.java:43)
	at java.lang.reflect.Method.invoke(Method.java:498)
	at org.testng.internal.MethodInvocationHelper.invokeMethod(MethodInvocationHelper.java:86)
	at org.testng.internal.Invoker.invokeConfigurationMethod(Invoker.java:514)
	at org.testng.internal.Invoker.invokeConfigurations(Invoker.java:215)
	at org.testng.internal.Invoker.invokeMethod(Invoker.java:589)
	at org.testng.internal.Invoker.invokeTestMethod(Invoker.java:820)
	at org.testng.internal.Invoker.invokeTestMethods(Invoker.java:1128)
	at org.testng.internal.TestMethodWorker.invokeTestMethods(TestMethodWorker.java:129)
	at org.testng.internal.TestMethodWorker.run(TestMethodWorker.java:112)
	at org.testng.TestRunner.privateRun(TestRunner.java:782)
	at org.testng.TestRunner.run(TestRunner.java:632)
	at org.testng.SuiteRunner.runTest(SuiteRunner.java:366)
	at org.testng.SuiteRunner.access$000(SuiteRunner.java:39)
	at org.testng.SuiteRunner$SuiteWorker.run(SuiteRunner.java:400)
	at org.testng.internal.thread.ThreadUtil$2.call(ThreadUtil.java:64)
	at java.util.concurrent.FutureTask.run(FutureTask.java:266)
	at java.util.concurrent.ThreadPoolExecutor.runWorker(ThreadPoolExecutor.java:1142)
	at java.util.concurrent.ThreadPoolExecutor$Worker.run(ThreadPoolExecutor.java:617)
	at java.lang.Thread.run(Thread.java:745)
]]>
            </full-stacktrace>
          </exception> <!-- java.lang.NullPointerException -->
          <reporter-output>
          </reporter-output>
        </test-method> <!-- setUp -->
        <test-method status="SKIP" signature="setUp2()[pri:0, instance:com.framework.tests.SampleTest@67b6d4ae]" name="setUp2" is-config="true" duration-ms="0" started-at="2017-03-17T11:43:34Z" finished-at="2017-03-17T11:43:34Z">
          <reporter-output>
          </reporter-output>
        </test-method> <!-- setUp2 -->
        <test-method status="SKIP" signature="wordPressLogin()[pri:0, instance:com.framework.tests.SampleTest@67b6d4ae]" name="wordPressLogin" duration-ms="2" started-at="2017-03-17T11:43:34Z" finished-at="2017-03-17T11:43:34Z">
          <reporter-output>
          </reporter-output>
        </test-method> <!-- wordPressLogin -->
        <test-method status="SKIP" signature="afterMethod(org.testng.ITestResult)[pri:0, instance:com.framework.tests.SampleTest@67b6d4ae]" name="afterMethod" is-config="true" duration-ms="0" started-at="2017-03-17T11:43:34Z" finished-at="2017-03-17T11:43:34Z">
          <reporter-output>
          </reporter-output>
        </test-method> <!-- afterMethod -->
        <test-method status="SKIP" signature="tearDown()[pri:0, instance:com.framework.tests.SampleTest@67b6d4ae]" name="tearDown" is-config="true" duration-ms="0" started-at="2017-03-17T11:43:34Z" finished-at="2017-03-17T11:43:34Z">
          <reporter-output>
          </reporter-output>
        </test-method> <!-- tearDown -->
      </class> <!-- com.framework.tests.SampleTest -->
    </test> <!-- Chrome Test -->
    <test name="Firefox Test" duration-ms="18092" started-at="2017-03-17T06:13:29Z" finished-at="2017-03-17T06:13:47Z">
      <class name="com.framework.tests.SampleTest">
        <test-method status="PASS" signature="beforeSuite()[pri:0, instance:com.framework.tests.SampleTest@97e1986]" name="beforeSuite" is-config="true" duration-ms="91" started-at="2017-03-17T11:43:28Z" finished-at="2017-03-17T11:43:29Z">
          <reporter-output>
          </reporter-output>
        </test-method> <!-- beforeSuite -->
        <test-method status="PASS" signature="getWebDriver(java.lang.String, java.lang.String)[pri:0, instance:com.framework.tests.SampleTest@97e1986]" name="getWebDriver" is-config="true" duration-ms="7196" started-at="2017-03-17T11:43:29Z" finished-at="2017-03-17T11:43:36Z">
          <params>
            <param index="0">
              <value>
                <![CDATA[FIREFOX]]>
              </value>
            </param>
            <param index="1">
              <value>
                <![CDATA[Apple iPhone 6 Plus]]>
              </value>
            </param>
          </params>
          <reporter-output>
            <line>
              <![CDATA[Running test on Grid, in browser 'Firefox']]>
            </line>
          </reporter-output>
        </test-method> <!-- getWebDriver -->
        <test-method status="PASS" signature="setUp(java.lang.reflect.Method)[pri:0, instance:com.framework.tests.SampleTest@97e1986]" name="setUp" is-config="true" duration-ms="3" started-at="2017-03-17T11:43:36Z" finished-at="2017-03-17T11:43:36Z">
          <params>
            <param index="0">
              <value>
                <![CDATA[public void com.framework.tests.SampleTest.wordPressLogin()]]>
              </value>
            </param>
          </params>
          <reporter-output>
          </reporter-output>
        </test-method> <!-- setUp -->
        <test-method status="PASS" signature="setUp2()[pri:0, instance:com.framework.tests.SampleTest@97e1986]" name="setUp2" is-config="true" duration-ms="6563" started-at="2017-03-17T11:43:36Z" finished-at="2017-03-17T11:43:42Z">
          <reporter-output>
          </reporter-output>
        </test-method> <!-- setUp2 -->
        <test-method status="PASS" signature="wordPressLogin()[pri:0, instance:com.framework.tests.SampleTest@97e1986]" name="wordPressLogin" duration-ms="738" started-at="2017-03-17T11:43:42Z" finished-at="2017-03-17T11:43:43Z">
          <reporter-output>
          </reporter-output>
        </test-method> <!-- wordPressLogin -->
        <test-method status="PASS" signature="afterMethod(org.testng.ITestResult)[pri:0, instance:com.framework.tests.SampleTest@97e1986]" name="afterMethod" is-config="true" duration-ms="218" started-at="2017-03-17T11:43:43Z" finished-at="2017-03-17T11:43:43Z">
          <params>
            <param index="0">
              <value>
                <![CDATA[[TestResult name=wordPressLogin status=SUCCESS method=SampleTest.wordPressLogin()[pri:0, instance:com.framework.tests.SampleTest@97e1986] output={null}]]]>
              </value>
            </param>
          </params>
          <reporter-output>
          </reporter-output>
        </test-method> <!-- afterMethod -->
        <test-method status="PASS" signature="tearDown()[pri:0, instance:com.framework.tests.SampleTest@97e1986]" name="tearDown" is-config="true" duration-ms="3369" started-at="2017-03-17T11:43:43Z" finished-at="2017-03-17T11:43:47Z">
          <reporter-output>
          </reporter-output>
        </test-method> <!-- tearDown -->
        <test-method status="PASS" signature="afterSuite()[pri:0, instance:com.framework.tests.SampleTest@97e1986]" name="afterSuite" is-config="true" duration-ms="58" started-at="2017-03-17T11:43:47Z" finished-at="2017-03-17T11:43:47Z">
          <reporter-output>
          </reporter-output>
        </test-method> <!-- afterSuite -->
      </class> <!-- com.framework.tests.SampleTest -->
    </test> <!-- Firefox Test -->
  </suite> <!-- Suite -->
</testng-results>
