<?xml version="1.0" encoding="UTF-8"?>
<testsuite xmlns:xsi="http://www.w3.org/2001/XMLSchema-instance" xsi:schemaLocation="https://maven.apache.org/surefire/maven-surefire-plugin/xsd/surefire-test-report.xsd" name="TestSuite" time="18.508" tests="6" errors="0" skipped="4" failures="1">
  <properties>
[...]
</properties>
  <testcase name="setUp" classname="com.framework.tests.SampleTest" time="5.438">
    <failure type="java.lang.NullPointerException">java.lang.NullPointerException
</failure>
    <system-out><![CDATA[Inside WebDriverBase beforeMethod
Inside WebDriverBase beforeMethod
Running tests on thread: 15
browser:FIREFOX
Running tests on thread: 14
browser:CHROME
browserTypes:FIREFOX
browserTypes:CHROME
Running test on Grid, in browser 'CHROME' 
Inside BaseTest beforeMethod
]]></system-out>
    <system-err><![CDATA[log4j:WARN No appenders could be found for logger (org.apache.http.client.protocol.RequestAddCookies).
log4j:WARN No appenders could be found for logger (org.apache.http.client.protocol.RequestAddCookies).
log4j:WARN Please initialize the log4j system properly.
log4j:WARN Please initialize the log4j system properly.
]]></system-err>
  </testcase>
  <testcase name="setUp2" classname="com.framework.tests.SampleTest" time="0">
    <skipped/>
  </testcase>
  <testcase name="wordPressLogin" classname="com.framework.tests.SampleTest" time="0">
    <skipped/>
  </testcase>
  <testcase name="wordPressLogin" classname="com.framework.tests.SampleTest" time="0.737"/>
  <testcase name="afterMethod" classname="com.framework.tests.SampleTest" time="0">
    <skipped/>
  </testcase>
  <testcase name="tearDown" classname="com.framework.tests.SampleTest" time="0">
    <skipped/>
  </testcase>
</testsuite>