-------------------------------------------------------------------------------
Test set: TestSuite
-------------------------------------------------------------------------------
Tests run: 6, Failures: 1, Errors: 0, Skipped: 4, Time elapsed: 18.508 sec <<< FAILURE! - in TestSuite
setUp(com.framework.tests.SampleTest)  Time elapsed: 5.438 sec  <<< FAILURE!
java.lang.NullPointerException

